  FFXQ.cpp
E:\D\Programs\C++ Program\Game Program Design\FFXQ(REVERSE CHESS) (based on SFML) (Online Uncompleted)\SFML\Chess.h(36,2): warning C4091: “typedef ”: 没有声明变量时忽略“CHESS_TYPE”的左侧
E:\D\Programs\C++ Program\Game Program Design\FFXQ(REVERSE CHESS) (based on SFML) (Online Uncompleted)\SFML\Chess.h(42,2): warning C4091: “typedef ”: 没有声明变量时忽略“CHESS_BLOC”的左侧
E:\D\Programs\C++ Program\Game Program Design\FFXQ(REVERSE CHESS) (based on SFML) (Online Uncompleted)\SFML\Game.h(152,2): warning C4091: “typedef ”: 没有声明变量时忽略“GAME_STATE”的左侧
E:\D\Programs\C++ Program\Game Program Design\FFXQ(REVERSE CHESS) (based on SFML) (Online Uncompleted)\SFML\Game.h(159,2): warning C4091: “typedef ”: 没有声明变量时忽略“PIECE_STATE”的左侧
E:\D\Programs\C++ Program\Game Program Design\FFXQ(REVERSE CHESS) (based on SFML) (Online Uncompleted)\SFML\Game.h(171,2): warning C4091: “typedef ”: 没有声明变量时忽略“LAST_CLICK_STATE_IN_GAME”的左侧
E:\D\Programs\C++ Program\Game Program Design\FFXQ(REVERSE CHESS) (based on SFML) (Online Uncompleted)\SFML\Game.h(181,2): warning C4091: “typedef ”: 没有声明变量时忽略“LAST_CLICK_STATE_IN_SL_PAGE”的左侧
E:\D\Programs\C++ Program\Game Program Design\FFXQ(REVERSE CHESS) (based on SFML) (Online Uncompleted)\SFML\Game.h(187,2): warning C4091: “typedef ”: 没有声明变量时忽略“SETTING_PAGE”的左侧
E:\D\Programs\C++ Program\Game Program Design\FFXQ(REVERSE CHESS) (based on SFML) (Online Uncompleted)\SFML\Game.h(193,2): warning C4091: “typedef ”: 没有声明变量时忽略“PLAYER”的左侧
E:\D\Programs\C++ Program\Game Program Design\FFXQ(REVERSE CHESS) (based on SFML) (Online Uncompleted)\SFML\Game.h(654,45): warning C4244: “参数”: 从“int”转换到“float”，可能丢失数据
E:\D\Programs\C++ Program\Game Program Design\FFXQ(REVERSE CHESS) (based on SFML) (Online Uncompleted)\SFML\Game.h(654,26): warning C4244: “参数”: 从“int”转换到“float”，可能丢失数据
E:\D\Programs\C++ Program\Game Program Design\FFXQ(REVERSE CHESS) (based on SFML) (Online Uncompleted)\SFML\Game.h(678,66): warning C4305: “参数”: 从“double”到“float”截断
E:\D\Programs\C++ Program\Game Program Design\FFXQ(REVERSE CHESS) (based on SFML) (Online Uncompleted)\SFML\Game.h(741,51): warning C4244: “=”: 从“double”转换到“T”，可能丢失数据
          with
          [
              T=int
          ]
E:\D\Programs\C++ Program\Game Program Design\FFXQ(REVERSE CHESS) (based on SFML) (Online Uncompleted)\SFML\Game.h(749,103): warning C4244: “=”: 从“float”转换到“T”，可能丢失数据
          with
          [
              T=int
          ]
E:\D\Programs\C++ Program\Game Program Design\FFXQ(REVERSE CHESS) (based on SFML) (Online Uncompleted)\SFML\Game.h(760,49): warning C4244: “=”: 从“double”转换到“T”，可能丢失数据
          with
          [
              T=int
          ]
E:\D\Programs\C++ Program\Game Program Design\FFXQ(REVERSE CHESS) (based on SFML) (Online Uncompleted)\SFML\Game.h(768,101): warning C4244: “=”: 从“float”转换到“T”，可能丢失数据
          with
          [
              T=int
          ]
E:\D\Programs\C++ Program\Game Program Design\FFXQ(REVERSE CHESS) (based on SFML) (Online Uncompleted)\SFML\Game.h(828,51): warning C4244: “=”: 从“double”转换到“T”，可能丢失数据
          with
          [
              T=int
          ]
E:\D\Programs\C++ Program\Game Program Design\FFXQ(REVERSE CHESS) (based on SFML) (Online Uncompleted)\SFML\Game.h(836,103): warning C4244: “=”: 从“float”转换到“T”，可能丢失数据
          with
          [
              T=int
          ]
E:\D\Programs\C++ Program\Game Program Design\FFXQ(REVERSE CHESS) (based on SFML) (Online Uncompleted)\SFML\Game.h(847,49): warning C4244: “=”: 从“double”转换到“T”，可能丢失数据
          with
          [
              T=int
          ]
E:\D\Programs\C++ Program\Game Program Design\FFXQ(REVERSE CHESS) (based on SFML) (Online Uncompleted)\SFML\Game.h(855,101): warning C4244: “=”: 从“float”转换到“T”，可能丢失数据
          with
          [
              T=int
          ]
E:\D\Programs\C++ Program\Game Program Design\FFXQ(REVERSE CHESS) (based on SFML) (Online Uncompleted)\SFML\Game.h(907,139): warning C4244: “参数”: 从“int”转换到“float”，可能丢失数据
E:\D\Programs\C++ Program\Game Program Design\FFXQ(REVERSE CHESS) (based on SFML) (Online Uncompleted)\SFML\Game.h(907,66): warning C4244: “参数”: 从“int”转换到“float”，可能丢失数据
E:\D\Programs\C++ Program\Game Program Design\FFXQ(REVERSE CHESS) (based on SFML) (Online Uncompleted)\SFML\Game.h(932,33): warning C4244: “参数”: 从“int”转换到“float”，可能丢失数据
E:\D\Programs\C++ Program\Game Program Design\FFXQ(REVERSE CHESS) (based on SFML) (Online Uncompleted)\SFML\Game.h(932,19): warning C4244: “参数”: 从“int”转换到“float”，可能丢失数据
E:\D\Programs\C++ Program\Game Program Design\FFXQ(REVERSE CHESS) (based on SFML) (Online Uncompleted)\SFML\Game.h(940,42): warning C4244: “参数”: 从“int”转换到“float”，可能丢失数据
E:\D\Programs\C++ Program\Game Program Design\FFXQ(REVERSE CHESS) (based on SFML) (Online Uncompleted)\SFML\Game.h(940,28): warning C4244: “参数”: 从“int”转换到“float”，可能丢失数据
E:\D\Programs\C++ Program\Game Program Design\FFXQ(REVERSE CHESS) (based on SFML) (Online Uncompleted)\SFML\Game.h(954,34): warning C4244: “参数”: 从“int”转换到“float”，可能丢失数据
E:\D\Programs\C++ Program\Game Program Design\FFXQ(REVERSE CHESS) (based on SFML) (Online Uncompleted)\SFML\Game.h(954,20): warning C4244: “参数”: 从“int”转换到“float”，可能丢失数据
E:\D\Programs\C++ Program\Game Program Design\FFXQ(REVERSE CHESS) (based on SFML) (Online Uncompleted)\SFML\Game.h(967,122): warning C4244: “参数”: 从“int”转换到“float”，可能丢失数据
E:\D\Programs\C++ Program\Game Program Design\FFXQ(REVERSE CHESS) (based on SFML) (Online Uncompleted)\SFML\Game.h(967,62): warning C4244: “参数”: 从“int”转换到“float”，可能丢失数据
E:\D\Programs\C++ Program\Game Program Design\FFXQ(REVERSE CHESS) (based on SFML) (Online Uncompleted)\SFML\Game.h(973,122): warning C4244: “参数”: 从“int”转换到“float”，可能丢失数据
E:\D\Programs\C++ Program\Game Program Design\FFXQ(REVERSE CHESS) (based on SFML) (Online Uncompleted)\SFML\Game.h(973,61): warning C4244: “参数”: 从“int”转换到“float”，可能丢失数据
E:\D\Programs\C++ Program\Game Program Design\FFXQ(REVERSE CHESS) (based on SFML) (Online Uncompleted)\SFML\Game.h(979,122): warning C4244: “参数”: 从“int”转换到“float”，可能丢失数据
E:\D\Programs\C++ Program\Game Program Design\FFXQ(REVERSE CHESS) (based on SFML) (Online Uncompleted)\SFML\Game.h(979,62): warning C4244: “参数”: 从“int”转换到“float”，可能丢失数据
E:\D\Programs\C++ Program\Game Program Design\FFXQ(REVERSE CHESS) (based on SFML) (Online Uncompleted)\SFML\Game.h(1103,114): warning C4244: “参数”: 从“int”转换到“float”，可能丢失数据
E:\D\Programs\C++ Program\Game Program Design\FFXQ(REVERSE CHESS) (based on SFML) (Online Uncompleted)\SFML\Game.h(1103,65): warning C4244: “参数”: 从“int”转换到“float”，可能丢失数据
E:\D\Programs\C++ Program\Game Program Design\FFXQ(REVERSE CHESS) (based on SFML) (Online Uncompleted)\SFML\Game.h(1112,111): warning C4244: “参数”: 从“int”转换到“float”，可能丢失数据
E:\D\Programs\C++ Program\Game Program Design\FFXQ(REVERSE CHESS) (based on SFML) (Online Uncompleted)\SFML\Game.h(1112,67): warning C4244: “参数”: 从“int”转换到“float”，可能丢失数据
E:\D\Programs\C++ Program\Game Program Design\FFXQ(REVERSE CHESS) (based on SFML) (Online Uncompleted)\SFML\Game.h(1121,114): warning C4244: “参数”: 从“int”转换到“float”，可能丢失数据
E:\D\Programs\C++ Program\Game Program Design\FFXQ(REVERSE CHESS) (based on SFML) (Online Uncompleted)\SFML\Game.h(1121,65): warning C4244: “参数”: 从“int”转换到“float”，可能丢失数据
E:\D\Programs\C++ Program\Game Program Design\FFXQ(REVERSE CHESS) (based on SFML) (Online Uncompleted)\SFML\Game.h(1130,111): warning C4244: “参数”: 从“int”转换到“float”，可能丢失数据
E:\D\Programs\C++ Program\Game Program Design\FFXQ(REVERSE CHESS) (based on SFML) (Online Uncompleted)\SFML\Game.h(1130,67): warning C4244: “参数”: 从“int”转换到“float”，可能丢失数据
E:\D\Programs\C++ Program\Game Program Design\FFXQ(REVERSE CHESS) (based on SFML) (Online Uncompleted)\SFML\Game.h(1139,114): warning C4244: “参数”: 从“int”转换到“float”，可能丢失数据
E:\D\Programs\C++ Program\Game Program Design\FFXQ(REVERSE CHESS) (based on SFML) (Online Uncompleted)\SFML\Game.h(1139,65): warning C4244: “参数”: 从“int”转换到“float”，可能丢失数据
E:\D\Programs\C++ Program\Game Program Design\FFXQ(REVERSE CHESS) (based on SFML) (Online Uncompleted)\SFML\Game.h(1148,116): warning C4244: “参数”: 从“int”转换到“float”，可能丢失数据
E:\D\Programs\C++ Program\Game Program Design\FFXQ(REVERSE CHESS) (based on SFML) (Online Uncompleted)\SFML\Game.h(1148,67): warning C4244: “参数”: 从“int”转换到“float”，可能丢失数据
E:\D\Programs\C++ Program\Game Program Design\FFXQ(REVERSE CHESS) (based on SFML) (Online Uncompleted)\SFML\Game.h(1157,114): warning C4244: “参数”: 从“int”转换到“float”，可能丢失数据
E:\D\Programs\C++ Program\Game Program Design\FFXQ(REVERSE CHESS) (based on SFML) (Online Uncompleted)\SFML\Game.h(1157,65): warning C4244: “参数”: 从“int”转换到“float”，可能丢失数据
E:\D\Programs\C++ Program\Game Program Design\FFXQ(REVERSE CHESS) (based on SFML) (Online Uncompleted)\SFML\Game.h(1166,116): warning C4244: “参数”: 从“int”转换到“float”，可能丢失数据
E:\D\Programs\C++ Program\Game Program Design\FFXQ(REVERSE CHESS) (based on SFML) (Online Uncompleted)\SFML\Game.h(1166,67): warning C4244: “参数”: 从“int”转换到“float”，可能丢失数据
E:\D\Programs\C++ Program\Game Program Design\FFXQ(REVERSE CHESS) (based on SFML) (Online Uncompleted)\SFML\Game.h(1180,115): warning C4244: “参数”: 从“int”转换到“float”，可能丢失数据
E:\D\Programs\C++ Program\Game Program Design\FFXQ(REVERSE CHESS) (based on SFML) (Online Uncompleted)\SFML\Game.h(1180,66): warning C4244: “参数”: 从“int”转换到“float”，可能丢失数据
E:\D\Programs\C++ Program\Game Program Design\FFXQ(REVERSE CHESS) (based on SFML) (Online Uncompleted)\SFML\Game.h(1203,115): warning C4244: “参数”: 从“int”转换到“float”，可能丢失数据
E:\D\Programs\C++ Program\Game Program Design\FFXQ(REVERSE CHESS) (based on SFML) (Online Uncompleted)\SFML\Game.h(1203,66): warning C4244: “参数”: 从“int”转换到“float”，可能丢失数据
E:\D\Programs\C++ Program\Game Program Design\FFXQ(REVERSE CHESS) (based on SFML) (Online Uncompleted)\SFML\Game.h(1212,115): warning C4244: “参数”: 从“int”转换到“float”，可能丢失数据
E:\D\Programs\C++ Program\Game Program Design\FFXQ(REVERSE CHESS) (based on SFML) (Online Uncompleted)\SFML\Game.h(1212,66): warning C4244: “参数”: 从“int”转换到“float”，可能丢失数据
E:\D\Programs\C++ Program\Game Program Design\FFXQ(REVERSE CHESS) (based on SFML) (Online Uncompleted)\SFML\Game.h(1235,115): warning C4244: “参数”: 从“int”转换到“float”，可能丢失数据
E:\D\Programs\C++ Program\Game Program Design\FFXQ(REVERSE CHESS) (based on SFML) (Online Uncompleted)\SFML\Game.h(1235,66): warning C4244: “参数”: 从“int”转换到“float”，可能丢失数据
E:\D\Programs\C++ Program\Game Program Design\FFXQ(REVERSE CHESS) (based on SFML) (Online Uncompleted)\SFML\Game.h(1244,115): warning C4244: “参数”: 从“int”转换到“float”，可能丢失数据
E:\D\Programs\C++ Program\Game Program Design\FFXQ(REVERSE CHESS) (based on SFML) (Online Uncompleted)\SFML\Game.h(1244,66): warning C4244: “参数”: 从“int”转换到“float”，可能丢失数据
E:\D\Programs\C++ Program\Game Program Design\FFXQ(REVERSE CHESS) (based on SFML) (Online Uncompleted)\SFML\Game.h(1267,115): warning C4244: “参数”: 从“int”转换到“float”，可能丢失数据
E:\D\Programs\C++ Program\Game Program Design\FFXQ(REVERSE CHESS) (based on SFML) (Online Uncompleted)\SFML\Game.h(1267,66): warning C4244: “参数”: 从“int”转换到“float”，可能丢失数据
E:\D\Programs\C++ Program\Game Program Design\FFXQ(REVERSE CHESS) (based on SFML) (Online Uncompleted)\SFML\Game.h(1276,115): warning C4244: “参数”: 从“int”转换到“float”，可能丢失数据
E:\D\Programs\C++ Program\Game Program Design\FFXQ(REVERSE CHESS) (based on SFML) (Online Uncompleted)\SFML\Game.h(1276,66): warning C4244: “参数”: 从“int”转换到“float”，可能丢失数据
E:\D\Programs\C++ Program\Game Program Design\FFXQ(REVERSE CHESS) (based on SFML) (Online Uncompleted)\SFML\Game.h(1299,115): warning C4244: “参数”: 从“int”转换到“float”，可能丢失数据
E:\D\Programs\C++ Program\Game Program Design\FFXQ(REVERSE CHESS) (based on SFML) (Online Uncompleted)\SFML\Game.h(1299,66): warning C4244: “参数”: 从“int”转换到“float”，可能丢失数据
E:\D\Programs\C++ Program\Game Program Design\FFXQ(REVERSE CHESS) (based on SFML) (Online Uncompleted)\SFML\Game.h(1308,114): warning C4244: “参数”: 从“int”转换到“float”，可能丢失数据
E:\D\Programs\C++ Program\Game Program Design\FFXQ(REVERSE CHESS) (based on SFML) (Online Uncompleted)\SFML\Game.h(1308,65): warning C4244: “参数”: 从“int”转换到“float”，可能丢失数据
E:\D\Programs\C++ Program\Game Program Design\FFXQ(REVERSE CHESS) (based on SFML) (Online Uncompleted)\SFML\Game.h(1314,114): warning C4244: “参数”: 从“int”转换到“float”，可能丢失数据
E:\D\Programs\C++ Program\Game Program Design\FFXQ(REVERSE CHESS) (based on SFML) (Online Uncompleted)\SFML\Game.h(1314,65): warning C4244: “参数”: 从“int”转换到“float”，可能丢失数据
E:\D\Programs\C++ Program\Game Program Design\FFXQ(REVERSE CHESS) (based on SFML) (Online Uncompleted)\SFML\Game.h(1320,114): warning C4244: “参数”: 从“int”转换到“float”，可能丢失数据
E:\D\Programs\C++ Program\Game Program Design\FFXQ(REVERSE CHESS) (based on SFML) (Online Uncompleted)\SFML\Game.h(1320,65): warning C4244: “参数”: 从“int”转换到“float”，可能丢失数据
E:\D\Programs\C++ Program\Game Program Design\FFXQ(REVERSE CHESS) (based on SFML) (Online Uncompleted)\SFML\Game.h(1326,114): warning C4244: “参数”: 从“int”转换到“float”，可能丢失数据
E:\D\Programs\C++ Program\Game Program Design\FFXQ(REVERSE CHESS) (based on SFML) (Online Uncompleted)\SFML\Game.h(1326,65): warning C4244: “参数”: 从“int”转换到“float”，可能丢失数据
E:\D\Programs\C++ Program\Game Program Design\FFXQ(REVERSE CHESS) (based on SFML) (Online Uncompleted)\SFML\Game.h(1400,114): warning C4244: “参数”: 从“int”转换到“float”，可能丢失数据
E:\D\Programs\C++ Program\Game Program Design\FFXQ(REVERSE CHESS) (based on SFML) (Online Uncompleted)\SFML\Game.h(1400,65): warning C4244: “参数”: 从“int”转换到“float”，可能丢失数据
E:\D\Programs\C++ Program\Game Program Design\FFXQ(REVERSE CHESS) (based on SFML) (Online Uncompleted)\SFML\Game.h(1406,114): warning C4244: “参数”: 从“int”转换到“float”，可能丢失数据
E:\D\Programs\C++ Program\Game Program Design\FFXQ(REVERSE CHESS) (based on SFML) (Online Uncompleted)\SFML\Game.h(1406,65): warning C4244: “参数”: 从“int”转换到“float”，可能丢失数据
E:\D\Programs\C++ Program\Game Program Design\FFXQ(REVERSE CHESS) (based on SFML) (Online Uncompleted)\SFML\Game.h(1412,114): warning C4244: “参数”: 从“int”转换到“float”，可能丢失数据
E:\D\Programs\C++ Program\Game Program Design\FFXQ(REVERSE CHESS) (based on SFML) (Online Uncompleted)\SFML\Game.h(1412,65): warning C4244: “参数”: 从“int”转换到“float”，可能丢失数据
E:\D\Programs\C++ Program\Game Program Design\FFXQ(REVERSE CHESS) (based on SFML) (Online Uncompleted)\SFML\Game.h(1418,114): warning C4244: “参数”: 从“int”转换到“float”，可能丢失数据
E:\D\Programs\C++ Program\Game Program Design\FFXQ(REVERSE CHESS) (based on SFML) (Online Uncompleted)\SFML\Game.h(1418,65): warning C4244: “参数”: 从“int”转换到“float”，可能丢失数据
E:\D\Programs\C++ Program\Game Program Design\FFXQ(REVERSE CHESS) (based on SFML) (Online Uncompleted)\SFML\Game.h(1425,114): warning C4244: “参数”: 从“int”转换到“float”，可能丢失数据
E:\D\Programs\C++ Program\Game Program Design\FFXQ(REVERSE CHESS) (based on SFML) (Online Uncompleted)\SFML\Game.h(1425,65): warning C4244: “参数”: 从“int”转换到“float”，可能丢失数据
E:\D\Programs\C++ Program\Game Program Design\FFXQ(REVERSE CHESS) (based on SFML) (Online Uncompleted)\SFML\Game.h(1431,114): warning C4244: “参数”: 从“int”转换到“float”，可能丢失数据
E:\D\Programs\C++ Program\Game Program Design\FFXQ(REVERSE CHESS) (based on SFML) (Online Uncompleted)\SFML\Game.h(1431,65): warning C4244: “参数”: 从“int”转换到“float”，可能丢失数据
E:\D\Programs\C++ Program\Game Program Design\FFXQ(REVERSE CHESS) (based on SFML) (Online Uncompleted)\SFML\Game.h(1437,114): warning C4244: “参数”: 从“int”转换到“float”，可能丢失数据
E:\D\Programs\C++ Program\Game Program Design\FFXQ(REVERSE CHESS) (based on SFML) (Online Uncompleted)\SFML\Game.h(1437,65): warning C4244: “参数”: 从“int”转换到“float”，可能丢失数据
E:\D\Programs\C++ Program\Game Program Design\FFXQ(REVERSE CHESS) (based on SFML) (Online Uncompleted)\SFML\Game.h(1443,114): warning C4244: “参数”: 从“int”转换到“float”，可能丢失数据
E:\D\Programs\C++ Program\Game Program Design\FFXQ(REVERSE CHESS) (based on SFML) (Online Uncompleted)\SFML\Game.h(1443,65): warning C4244: “参数”: 从“int”转换到“float”，可能丢失数据
E:\D\Programs\C++ Program\Game Program Design\FFXQ(REVERSE CHESS) (based on SFML) (Online Uncompleted)\SFML\Game.h(1452,128): warning C4244: “参数”: 从“int”转换到“float”，可能丢失数据
E:\D\Programs\C++ Program\Game Program Design\FFXQ(REVERSE CHESS) (based on SFML) (Online Uncompleted)\SFML\Game.h(1452,63): warning C4244: “参数”: 从“int”转换到“float”，可能丢失数据
E:\D\Programs\C++ Program\Game Program Design\FFXQ(REVERSE CHESS) (based on SFML) (Online Uncompleted)\SFML\Game.h(1737,81): warning C4244: “=”: 从“double”转换到“T”，可能丢失数据
          with
          [
              T=int
          ]
E:\D\Programs\C++ Program\Game Program Design\FFXQ(REVERSE CHESS) (based on SFML) (Online Uncompleted)\SFML\Game.h(1738,81): warning C4244: “=”: 从“double”转换到“T”，可能丢失数据
          with
          [
              T=int
          ]
E:\D\Programs\C++ Program\Game Program Design\FFXQ(REVERSE CHESS) (based on SFML) (Online Uncompleted)\SFML\Game.h(1751,82): warning C4244: “=”: 从“double”转换到“T”，可能丢失数据
          with
          [
              T=int
          ]
E:\D\Programs\C++ Program\Game Program Design\FFXQ(REVERSE CHESS) (based on SFML) (Online Uncompleted)\SFML\Game.h(1752,82): warning C4244: “=”: 从“double”转换到“T”，可能丢失数据
          with
          [
              T=int
          ]
E:\D\Programs\C++ Program\Game Program Design\FFXQ(REVERSE CHESS) (based on SFML) (Online Uncompleted)\SFML\Game.h(1816,73): warning C4244: “=”: 从“double”转换到“T”，可能丢失数据
          with
          [
              T=int
          ]
E:\D\Programs\C++ Program\Game Program Design\FFXQ(REVERSE CHESS) (based on SFML) (Online Uncompleted)\SFML\Game.h(1817,73): warning C4244: “=”: 从“double”转换到“T”，可能丢失数据
          with
          [
              T=int
          ]
  正在生成代码
  336 of 346 functions (97.1%) were compiled, the rest were copied from previous compilation.
    0 functions were new in current compilation
    2 functions had inline decision re-evaluated but remain unchanged
  已完成代码的生成
  SFML.vcxproj -> E:\D\Programs\C++ Program\Game Program Design\FFXQ(REVERSE CHESS) (based on SFML) (Online Uncompleted)\x64\Release\SFML.exe
