c:\users\25403\source\repos\sfml ffxq\sfml\x64\release\vc142.pdb
c:\users\25403\source\repos\sfml ffxq\sfml\x64\release\ffxq.obj
c:\users\25403\source\repos\sfml\x64\release\sfml.exe
c:\users\25403\source\repos\sfml\sfml\x64\release\sfml.iobj
c:\users\25403\source\repos\sfml\x64\release\sfml.pdb
c:\users\25403\source\repos\sfml ffxq\x64\release\sfml.exe
c:\users\25403\source\repos\sfml ffxq\sfml\x64\release\sfml.ipdb
c:\users\25403\source\repos\sfml ffxq\sfml\x64\release\sfml.iobj
c:\users\25403\source\repos\sfml ffxq\x64\release\sfml.pdb
c:\users\25403\source\repos\sfml ffxq\sfml\x64\release\sfml.res
c:\users\25403\source\repos\sfml ffxq\sfml\x64\release\sfml.obj
c:\users\25403\source\repos\sfml ffxq\sfml\x64\release\sfml.tlog\cl.command.1.tlog
c:\users\25403\source\repos\sfml ffxq\sfml\x64\release\sfml.tlog\cl.read.1.tlog
c:\users\25403\source\repos\sfml ffxq\sfml\x64\release\sfml.tlog\cl.write.1.tlog
c:\users\25403\source\repos\sfml ffxq\sfml\x64\release\sfml.tlog\link.command.1.tlog
c:\users\25403\source\repos\sfml ffxq\sfml\x64\release\sfml.tlog\link.read.1.tlog
c:\users\25403\source\repos\sfml ffxq\sfml\x64\release\sfml.tlog\link.write.1.tlog
c:\users\25403\source\repos\sfml ffxq\sfml\x64\release\sfml.tlog\rc.command.1.tlog
c:\users\25403\source\repos\sfml ffxq\sfml\x64\release\sfml.tlog\rc.read.1.tlog
c:\users\25403\source\repos\sfml ffxq\sfml\x64\release\sfml.tlog\rc.write.1.tlog
